*** Starting uWSGI 2.0.18 (64bit) on [Thu Jan  9 18:25:01 2020] ***
compiled with version: 4.2.1 Compatible Apple LLVM 10.0.0 (clang-1000.11.45.5) on 01 August 2019 10:25:46
os: Darwin-17.7.0 Darwin Kernel Version 17.7.0: Wed Oct 10 23:06:14 PDT 2018; root:xnu-4570.71.13~1/RELEASE_X86_64
nodename: bogon
machine: x86_64
clock source: unix
detected number of CPU cores: 8
current working directory: /Users/houguangdong/Workspace/djcode/bma_server
writing pidfile to /Users/houguangdong/Workspace/djcode/bma_server/bma_server.pid
detected binary path: /usr/local/bin/uwsgi
!!! no internal routing support, rebuild with pcre support !!!
chdir() to /Users/houguangdong/Workspace/djcode/bma_server/
your processes number limit is 1418
your memory page size is 4096 bytes
detected max file descriptor number: 256
lock engine: OSX spinlocks
thunder lock: disabled (you can enable it with --thunder-lock)
probably another instance of uWSGI is running on the same address (:8848).
bind(): Address already in use [core/socket.c line 769]
*** Starting uWSGI 2.0.18 (64bit) on [Thu Jan  9 18:33:06 2020] ***
compiled with version: 4.2.1 Compatible Apple LLVM 10.0.0 (clang-1000.11.45.5) on 01 August 2019 10:25:46
os: Darwin-17.7.0 Darwin Kernel Version 17.7.0: Wed Oct 10 23:06:14 PDT 2018; root:xnu-4570.71.13~1/RELEASE_X86_64
nodename: bogon
machine: x86_64
clock source: unix
detected number of CPU cores: 8
current working directory: /Users/houguangdong/Workspace/djcode/bma_server
writing pidfile to /Users/houguangdong/Workspace/djcode/bma_server/bma_server.pid
detected binary path: /usr/local/bin/uwsgi
!!! no internal routing support, rebuild with pcre support !!!
chdir() to /Users/houguangdong/Workspace/djcode/bma_server/
your processes number limit is 1418
your memory page size is 4096 bytes
detected max file descriptor number: 256
lock engine: OSX spinlocks
thunder lock: disabled (you can enable it with --thunder-lock)
uWSGI http bound on :8848 fd 4
uwsgi socket 0 bound to TCP address 127.0.0.1:54251 (port auto-assigned) fd 3
Python version: 2.7.10 (default, Oct  6 2017, 22:29:07)  [GCC 4.2.1 Compatible Apple LLVM 9.0.0 (clang-900.0.31)]
Python main interpreter initialized at 0x7fde6ed013e0
python threads support enabled
your server socket listen backlog is limited to 128 connections
your mercy for graceful operations on workers is 60 seconds
mapped 281312 bytes (274 KB) for 2 cores
*** Operational MODE: threaded ***
added /usr/bin/python to pythonpath.
WSGI app 0 (mountpoint='') ready in 1 seconds on interpreter 0x7fde6ed013e0 pid: 4174 (default app)
*** uWSGI is running in multiple interpreter mode ***
spawned uWSGI master process (pid: 4174)
spawned uWSGI worker 1 (pid: 4175, cores: 2)
*** Stats server enabled on /tmp/stats.socket fd: 12 ***
spawned uWSGI http 1 (pid: 4176)
Python auto-reloader enabled
Not Found: /static/admin/css/login.css
Not Found: /static/admin/css/base.css
[uwsgi-python-reloader] module/file ./b1_admin/settings.py has been modified
gateway "uWSGI http 1" has been buried (pid: 4176)
...gracefully killing workers...
Gracefully killing worker 1 (pid: 4175)...
Thu Jan  9 11:56:22 2020 - worker 1 (pid: 4175) is taking too much time to die...NO MERCY !!!
worker 1 buried after 1 seconds
binary reloading uWSGI...
chdir() to /Users/houguangdong/Workspace/djcode/bma_server
closing all non-uwsgi socket fds > 2 (max_fd = 256)...
found fd 3 mapped to socket 0 (127.0.0.1:54251)
running /usr/local/bin/uwsgi
[uWSGI] getting INI configuration from uwsgi.ini
*** Starting uWSGI 2.0.18 (64bit) on [Thu Jan  9 11:56:23 2020] ***
compiled with version: 4.2.1 Compatible Apple LLVM 10.0.0 (clang-1000.11.45.5) on 01 August 2019 10:25:46
os: Darwin-17.7.0 Darwin Kernel Version 17.7.0: Wed Oct 10 23:06:14 PDT 2018; root:xnu-4570.71.13~1/RELEASE_X86_64
nodename: bogon
machine: x86_64
clock source: unix
detected number of CPU cores: 8
current working directory: /Users/houguangdong/Workspace/djcode/bma_server
detected binary path: /usr/local/bin/uwsgi
!!! no internal routing support, rebuild with pcre support !!!
chdir() to /Users/houguangdong/Workspace/djcode/bma_server/
your processes number limit is 1418
your memory page size is 4096 bytes
detected max file descriptor number: 256
lock engine: OSX spinlocks
thunder lock: disabled (you can enable it with --thunder-lock)
uWSGI http bound on :8848 fd 5
uwsgi socket 0 bound to TCP address 127.0.0.1:54855 (port auto-assigned) fd 4
Python version: 2.7.10 (default, Oct  6 2017, 22:29:07)  [GCC 4.2.1 Compatible Apple LLVM 9.0.0 (clang-900.0.31)]
Python main interpreter initialized at 0x7fdcbdf011f0
python threads support enabled
your server socket listen backlog is limited to 128 connections
your mercy for graceful operations on workers is 60 seconds
mapped 281312 bytes (274 KB) for 2 cores
*** Operational MODE: threaded ***
added /usr/bin/python to pythonpath.
Traceback (most recent call last):
  File "./b1_admin/wsgi.py", line 16, in <module>
    application = get_wsgi_application()
  File "/Library/Python/2.7/site-packages/django/core/wsgi.py", line 13, in get_wsgi_application
    django.setup(set_prefix=False)
  File "/Library/Python/2.7/site-packages/django/__init__.py", line 27, in setup
    apps.populate(settings.INSTALLED_APPS)
  File "/Library/Python/2.7/site-packages/django/apps/registry.py", line 85, in populate
    app_config = AppConfig.create(entry)
  File "/Library/Python/2.7/site-packages/django/apps/config.py", line 120, in create
    mod = import_module(mod_path)
  File "/usr/lib/python2.7/importlib/__init__.py", line 37, in import_module
    __import__(name)
ImportError: No module named app.apps
unable to load app 0 (mountpoint='') (callable not found or import error)
*** no app loaded. going in full dynamic mode ***
*** uWSGI is running in multiple interpreter mode ***
gracefully (RE)spawned uWSGI master process (pid: 4174)
spawned uWSGI worker 1 (pid: 5857, cores: 2)
*** Stats server enabled on /tmp/stats.socket fd: 12 ***
spawned uWSGI http 1 (pid: 5858)
Python auto-reloader enabled
[uwsgi-python-reloader] module/file ./b1_admin/settings.py has been modified
gateway "uWSGI http 1" has been buried (pid: 5858)
...gracefully killing workers...
Gracefully killing worker 1 (pid: 5857)...
Thu Jan  9 11:57:30 2020 - worker 1 (pid: 5857) is taking too much time to die...NO MERCY !!!
worker 1 buried after 1 seconds
binary reloading uWSGI...
chdir() to /Users/houguangdong/Workspace/djcode/bma_server
closing all non-uwsgi socket fds > 2 (max_fd = 256)...
found fd 4 mapped to socket 0 (127.0.0.1:54855)
running /usr/local/bin/uwsgi
[uWSGI] getting INI configuration from uwsgi.ini
*** Starting uWSGI 2.0.18 (64bit) on [Thu Jan  9 11:57:31 2020] ***
compiled with version: 4.2.1 Compatible Apple LLVM 10.0.0 (clang-1000.11.45.5) on 01 August 2019 10:25:46
os: Darwin-17.7.0 Darwin Kernel Version 17.7.0: Wed Oct 10 23:06:14 PDT 2018; root:xnu-4570.71.13~1/RELEASE_X86_64
nodename: bogon
machine: x86_64
clock source: unix
detected number of CPU cores: 8
current working directory: /Users/houguangdong/Workspace/djcode/bma_server
detected binary path: /usr/local/bin/uwsgi
!!! no internal routing support, rebuild with pcre support !!!
chdir() to /Users/houguangdong/Workspace/djcode/bma_server/
your processes number limit is 1418
your memory page size is 4096 bytes
detected max file descriptor number: 256
lock engine: OSX spinlocks
thunder lock: disabled (you can enable it with --thunder-lock)
uWSGI http bound on :8848 fd 5
uwsgi socket 0 bound to TCP address 127.0.0.1:54857 (port auto-assigned) fd 3
Python version: 2.7.10 (default, Oct  6 2017, 22:29:07)  [GCC 4.2.1 Compatible Apple LLVM 9.0.0 (clang-900.0.31)]
Python main interpreter initialized at 0x7fb7e1d00e20
python threads support enabled
your server socket listen backlog is limited to 128 connections
your mercy for graceful operations on workers is 60 seconds
mapped 281312 bytes (274 KB) for 2 cores
*** Operational MODE: threaded ***
added /usr/bin/python to pythonpath.
Traceback (most recent call last):
  File "./b1_admin/wsgi.py", line 16, in <module>
    application = get_wsgi_application()
  File "/Library/Python/2.7/site-packages/django/core/wsgi.py", line 13, in get_wsgi_application
    django.setup(set_prefix=False)
  File "/Library/Python/2.7/site-packages/django/__init__.py", line 27, in setup
    apps.populate(settings.INSTALLED_APPS)
  File "/Library/Python/2.7/site-packages/django/apps/registry.py", line 85, in populate
    app_config = AppConfig.create(entry)
  File "/Library/Python/2.7/site-packages/django/apps/config.py", line 120, in create
    mod = import_module(mod_path)
  File "/usr/lib/python2.7/importlib/__init__.py", line 37, in import_module
    __import__(name)
ImportError: No module named app.apps
unable to load app 0 (mountpoint='') (callable not found or import error)
*** no app loaded. going in full dynamic mode ***
*** uWSGI is running in multiple interpreter mode ***
gracefully (RE)spawned uWSGI master process (pid: 4174)
spawned uWSGI worker 1 (pid: 5881, cores: 2)
*** Stats server enabled on /tmp/stats.socket fd: 12 ***
spawned uWSGI http 1 (pid: 5882)
Python auto-reloader enabled
